         w __deregister_frame_info
         w _ITM_deregisterTMCloneTable
         w _ITM_registerTMCloneTable
         w _Jv_RegisterClasses
         w __register_frame_info
00000000 a shift
00000000 a shift
00000000 b _TLS_MODULE_BASE_
00000000 00002000 b tmp_buffer.7872
00001ff8 b .LANCHOR2
00002000 00000401 b __fixedpath
00002404 00000802 b __utf16path
00002c08 00000802 b __utf16path_old.7943
00100000 T _start
00100000 a __start__
00100008 T __service_ptr
0010000c T __apt_appid
00100010 T __heap_size
00100014 T __linear_heap_size
00100018 T __system_arglist
0010001c T __system_runflags
00100020 t startup
00100058 t ClearMem
0010006c t ClrLoop
00100094 T _init
001000ac T initSystem
001000f0 T __ctru_exit
00100110 T __aeabi_idiv
00100110 00000220 T __divsi3
00100118 t .divsi3_skip_div0_test
00100330 00000020 T __aeabi_idivmod
00100350 00000004 W __aeabi_idiv0
00100350 00000004 W __aeabi_ldiv0
00100354 T __aeabi_uldivmod
001003a8 00000390 T strcmp
00100730 T __aeabi_uidiv
00100730 000001ec T __udivsi3
00100730 t .udivsi3_skip_div0_test
0010091c 00000020 T __aeabi_uidivmod
0010093c t deregister_tm_clones
0010096c t register_tm_clones
001009a4 t __do_global_dtors_aux
001009e8 t frame_dummy
00100a44 000000ec T main
00100b30 0000008c t gfxSetFramebufferInfo.part.0
00100bbc 00000018 T __get_bytes_per_pixel
00100bd4 00000174 T gfxSetScreenFormat
00100d48 00000014 T gfxSetDoubleBuffering
00100d5c 00000070 T gfxSetFramebufferInfo
00100dcc 00000088 T gfxWriteFramebufferInfo
00100e54 000001fc T gfxInit
00101050 00000010 T gfxInitDefault
00101060 000000e0 T gfxExit
00101140 000000b0 T gfxGetFramebuffer
001011f0 000000c8 T gfxFlushBuffers
001012b8 00000070 T gfxConfigScreen
00101328 00000020 T gfxSwapBuffers
00101348 00000020 T gfxSwapBuffersGpu
00101368 0000001c T debug_write
00101384 000001b0 T consoleDrawChar
00101534 00000124 T consolePrintChar
00101658 00000190 t consoleCls
001017e8 000000f8 T consoleInit
001018e0 00000144 t consoleClearLine
00101a24 000000bc t newRow
00101ae0 0000079c T con_write
0010227c 000000d0 T hidExit
0010234c 00000234 T hidScanInput
00102580 00000010 T hidKeysDown
00102590 00000090 T HIDUSER_GetHandles
00102620 0000018c T hidInit
001027ac 00000004 W _aptDebug
001027b0 00000130 T aptSendCommand
001028e0 0000003c t aptExitProcess
0010291c 00000014 T aptSetMessageCallback
00102930 0000004c T APT_InquireNotification
0010297c 0000019c t aptEventHandler
00102b18 00000074 T APT_AppletUtility
00102b8c 000000b4 T aptSetSleepAllowed
00102c40 000000b4 T APT_GlanceParameter
00102cf4 000000c0 T APT_ReceiveParameter
00102db4 000000a8 t aptReceiveParameter.constprop.1
00102e60 000001ec t aptScreenTransfer
0010304c 00000228 t aptWaitForWakeUp
00103274 00000058 T APT_SendParameter
001032cc 00000070 T APT_CancelParameter
0010333c 00000230 T aptInit
0010356c 0000008c t aptClearParamQueue
001035f8 00000214 T aptMainLoop
0010380c 00000148 T aptExit
00103954 000000dc T aptLaunchLibraryApplet
00103a30 00000070 T APT_CheckNew3DS
00103aa0 00000090 T newsInit
00103b30 00000160 t gspEventThreadMain
00103c90 00000074 T gspInit
00103d04 0000003c T gspExit
00103d40 00000088 T gspInitEventHandler
00103dc8 00000030 T gspExitEventHandler
00103df8 00000044 T gspWaitForEvent
00103e3c 0000006c T GSPGPU_SetBufferSwap
00103ea8 0000004c T GSPGPU_FlushDataCache
00103ef4 00000034 T GSPGPU_SetLcdForceBlack
00103f28 00000064 T GSPGPU_RegisterInterruptRelayQueue
00103f8c 0000002c T GSPGPU_UnregisterInterruptRelayQueue
00103fb8 00000048 T GSPGPU_AcquireRight
00104000 0000002c T GSPGPU_ReleaseRight
0010402c 00000080 T GSPGPU_ImportDisplayCaptureInfo
001040ac 0000002c T GSPGPU_SaveVramSysArea
001040d8 0000002c T GSPGPU_RestoreVramSysArea
00104104 000000b0 T irrstScanInput
001041b4 0000001c T irrstKeysHeld
001041d0 00000050 T IRRST_GetHandles
00104220 00000150 T irrstInit
00104370 0000002c T IRRST_Shutdown
0010439c 000000ac T irrstExit
00104448 00000024 t swkbdConvertToUTF16.part.0
0010446c 0000016c t swkbdMessageCallback
001045d8 00000078 T swkbdInit
00104650 00000378 T swkbdInputText
001049c8 000000c0 T utf8_to_utf16
00104a88 00000138 T decode_utf8
00104bc0 000000e8 T utf16_to_utf8
00104ca8 00000104 T encode_utf8
00104dac 00000068 T encode_utf16
00104e14 000000e8 T __system_initArgv
00104efc 00000038 W __libctru_init
00104f34 T svcControlMemory
00104f54 T svcExitProcess
00104f5c T svcCreateThread
00104f7c T svcExitThread
00104f84 T svcSleepThread
00104f8c T svcReleaseMutex
00104f94 T svcCreateEvent
00104fa8 T svcSignalEvent
00104fb0 T svcClearEvent
00104fb8 T svcCreateMemoryBlock
00104fd0 T svcMapMemoryBlock
00104fd8 T svcUnmapMemoryBlock
00104fe0 T svcCreateAddressArbiter
00104ff4 T svcArbitrateAddress
0010500c T svcCloseHandle
00105014 T svcWaitSynchronization
0010501c T svcWaitSynchronizationN
00105044 T svcDuplicateHandle
00105058 T svcGetSystemTick
00105060 T svcGetSystemInfo
00105078 T svcConnectToPort
0010508c T svcSendSyncRequest
00105094 T svcBreak
0010509c T svcOutputDebugString
001050a4 00000024 t addrMapNodeComparator(rbtree_node const*, rbtree_node const*)
001050c8 00000004 t addrMapNodeDestructor(rbtree_node*)
001050cc 0000013c T linearMemAlign
00105208 00000008 T linearAlloc
00105210 00000050 T linearFree
00105260 00000024 t addrMapNodeComparator(rbtree_node const*, rbtree_node const*)
00105284 00000004 t addrMapNodeDestructor(rbtree_node*)
00105288 000000f4 T mappableAlloc
0010537c 00000050 T mappableFree
001053cc 00000024 t addrMapNodeComparator(rbtree_node const*, rbtree_node const*)
001053f0 00000004 t addrMapNodeDestructor(rbtree_node*)
001053f4 0000012c T vramMemAlign
00105520 00000008 T vramAlloc
00105528 00000050 T vramFree
00105578 000001bc T threadCreate
00105734 00000024 T threadJoin
00105758 00000070 T threadExit
001057c8 00000040 t _thread_begin
00105808 00000050 T srvExit
00105858 00000038 T srvRegisterClient
00105890 00000078 T srvInit
00105908 00000068 T srvGetServiceHandleDirect
00105970 00000038 T srvGetServiceHandle
001059a8 00000058 t getSysTime
00105a00 00000024 T osGetMemRegionUsed
00105a28 000000f4 T __libctru_gtod
00105b1c 00000034 T __ctru_speedup_config
00105b50 00000084 T envGetHandle
00105bd4 0000004c T envDestroyHandles
00105c20 00000034 t LightLock_Unlock.part.1
00105c54 0000000c T __sync_init
00105c60 00000018 T __sync_fini
00105c78 00000010 T __sync_get_arbiter
00105c88 00000018 T LightLock_Init
00105ca0 000000a0 T LightLock_Lock
00105d40 00000034 T LightLock_TryLock
00105d74 00000020 T LightLock_Unlock
00105d94 00000024 T RecursiveLock_Init
00105db8 00000030 T RecursiveLock_Lock
00105de8 00000058 T RecursiveLock_TryLock
00105e40 00000038 T RecursiveLock_Unlock
00105e78 00000038 T LightEvent_Init
00105eb0 0000007c T LightEvent_Clear
00105f2c 000000dc T LightEvent_Signal
00106008 000000d0 T LightEvent_Wait
001060d8 00000070 T ptmSysmInit
00106148 00000034 T ptmSysmExit
0010617c 00000034 T PTMSYSM_ConfigureNew3DSCPU
001061b0 00000070 T rbtree_find
00106220 00000324 T rbtree_remove
00106544 00000074 T rbtree_node_next
001065b8 00000094 T rbtree_rotate
0010664c 0000018c t do_insert
001067d8 00000008 T rbtree_insert
001067e0 00000014 T rbtree_init
001067f4 00000060 T decode_utf16
00106854 000000a4 W __libctru_exit
001068f8 0000001c W __appExit
00106914 00000058 t osGetMemRegionSize
0010696c 00000104 W __system_allocateHeaps
00106a70 00000030 t __ctru_get_reent
00106aa0 000000e4 T __system_initSyscalls
00106b84 0000001c W __appInit
00106ba0 00000098 T MemPool::CoalesceRight(MemBlock*)
00106c38 00000178 T MemPool::Allocate(MemChunk&, unsigned long, int)
00106db0 00000100 T MemPool::Deallocate(MemChunk const&)
00106eb0 00000010 t sdmc_link
00106ec0 00000010 t sdmc_dirreset
00106ed0 00000010 t sdmc_fchmod
00106ee0 00000024 t error_cmp
00106f04 00000050 t sdmc_translate_error
00106f54 00000034 t sdmc_fsync
00106f88 00000054 t sdmc_ftruncate
00106fdc 000000b8 t sdmc_statvfs
00107094 00000038 t sdmc_dirclose
001070cc 00000138 t sdmc_dirnext
00107204 00000034 t sdmc_close
00107238 00000074 t sdmc_fstat
001072ac 000000d8 t sdmc_seek
00107384 00000084 t sdmc_read
00107408 000000b8 t sdmc_write
001074c0 000001b4 t sdmc_utf16path
00107674 00000074 t sdmc_rmdir
001076e8 000000a4 t sdmc_diropen
0010778c 000000a0 t sdmc_chdir
0010782c 00000098 t sdmc_mkdir
001078c4 00000108 t sdmc_rename
001079cc 00000074 t sdmc_unlink
00107a40 00000108 t sdmc_stat
00107b48 00000188 t sdmc_open
00107cd0 00000010 t sdmc_chmod
00107ce0 0000015c T sdmcInit
00107e3c 00000058 T sdmcExit
00107e94 00000028 t fsSessionForArchive.part.0
00107ebc 000000c8 T fsInit
00107f84 00000038 T fsExit
00107fbc 000000a0 T fsExemptFromSession
0010805c 00000054 T fsUnexemptFromSession
001080b0 000000bc T FSUSER_OpenFile
0010816c 000000a4 T FSUSER_DeleteFile
00108210 000000e0 T FSUSER_RenameFile
001082f0 000000a4 T FSUSER_DeleteDirectory
00108394 000000bc T FSUSER_CreateFile
00108450 000000ac T FSUSER_CreateDirectory
001084fc 000000e0 T FSUSER_RenameDirectory
001085dc 000000a4 T FSUSER_OpenDirectory
00108680 00000098 T FSUSER_OpenArchive
00108718 00000074 T FSUSER_CloseArchive
0010878c 00000078 T FSUSER_GetSdmcArchiveResource
00108804 00000064 T FSUSER_IsSdmcWritable
00108868 0000005c T FSFILE_Read
001088c4 00000064 T FSFILE_Write
00108928 0000003c T FSFILE_GetSize
00108964 0000002c T FSFILE_SetSize
00108990 0000003c T FSFILE_Close
001089cc 00000024 T FSFILE_Flush
001089f0 00000054 T FSDIR_Read
00108a44 0000003c T FSDIR_Close
00108a80 T __aeabi_read_tp
00108a8c 00000128 T __udivmoddi4
00108bb4 00000074 T bsearch
00108c28 00000040 T __libc_fini_array
00108c68 00000078 T __libc_init_array
00108ce0 00000020 T memalign
00108d00 00000158 T _memalign_r
00108e58 00000018 T malloc
00108e70 00000018 T free
00108e88 0000078c T _malloc_r
00109614 00000104 T memchr
00109718 00000114 T memcpy
0010982c 00000110 T memset
0010993c 0000000c T __malloc_lock
00109948 0000000c T __malloc_unlock
00109954 00000038 T printf
0010998c 000000e0 T _puts_r
00109a6c 00000018 T puts
00109a84 00000258 T setvbuf
00109cdc 00000074 T sscanf
00109d50 0000003c T __sread
00109d8c 00000008 T __seofread
00109d94 00000064 T __swrite
00109df8 0000004c T __sseek
00109e44 00000008 T __sclose
00109e4c 0000005c T strlen
00109ea8 0000009c T strncat
00109f44 000000d8 T strncpy
0010a01c 0000290c T __ssvfscanf_r
0010c928 0000001c t __sprint_r.part.0
0010c944 0000001c T __sprint_r
0010c960 00001624 t get_arg
0010df88 00004314 T _vfprintf_r
0011229c 000000cc t __sbprintf
00112368 000000a0 T _wcrtomb_r
00112408 00000020 T _wcsrtombs_r
00112428 00000144 T __swsetup_r
0011256c 000001d0 t quorem
00112740 00001260 T _dtoa_r
001139a0 00000254 T __sflush_r
00113bf4 00000094 T _fflush_r
00113c88 0000000c T _cleanup_r
00113c94 00000080 t std.isra.0
00113d14 0000008c T __sinit
00113da0 0000000c T __sfp_lock_acquire
00113dac 0000000c T __sfp_lock_release
00113db8 000000f8 T _malloc_trim_r
00113eb0 000002e4 T _free_r
00114194 000004ac T __sfvwrite_r
00114640 00000080 T _fwalk_reent
001146c0 00000074 T iswspace
00114734 00000204 t __jp2uc
00114938 000000c8 T _jp2uc
00114a00 00000008 T __localeconv_l
00114a08 00000024 T _localeconv_r
00114a2c 00000024 T __locale_mb_cur_max
00114a50 00000008 T __locale_ctype_ptr_l
00114a58 00000024 T __locale_ctype_ptr
00114a7c 00000094 T __swhatbuf_r
00114b10 000000f4 T __smakebuf_r
00114c04 000000b4 T _mbrtowc_r
00114cb8 00000300 T __utf8_mbtowc
00114fb8 00000148 T memmove
00115100 00000088 T _Balloc
00115188 0000001c T _Bfree
001151a4 000000d8 T __multadd
0011527c 000000f0 T __s2b
0011536c 00000058 T __hi0bits
001153c4 0000009c T __lo0bits
00115460 00000020 T __i2b
00115480 000001cc T __multiply
0011564c 00000100 T __pow5mult
0011574c 000000e4 T __lshift
00115830 00000060 T __mcmp
00115890 00000198 T __mdiff
00115a28 00000078 T __ulp
00115aa0 000000d4 T __b2d
00115b74 00000108 T __d2b
00115c7c 0000007c T __ratio
00115cf8 0000006c T __copybits
00115d64 00000080 T __any_on
00115de4 000004cc T _realloc_r
001162b0 000000cc T __sccl
0011637c 0000000c T nanf
00116388 0000009c T frexp
00116424 00000068 T sprintf
0011648c 00000100 T stpncpy
0011658c 000001ac T strchr
00116738 00000108 T strncmp
00116840 00000054 t sulp
00116898 00001434 T _strtod_l
00117ccc 0000003c T _strtod_r
00117d08 000002dc t _strtoll_l.isra.0
00117fe4 00000050 T _strtoll_r
00118034 00000220 t _strtol_l.isra.0
00118254 00000050 T _strtol_r
001182a8 00000268 t _strtoull_l.isra.0
00118510 00000050 T _strtoull_r
00118560 000001e4 t _strtoul_l.isra.0
00118744 00000050 T _strtoul_r
00118794 00000188 T __ssprint_r
0011891c 000000e8 T _sungetc_r
00118a04 0000006c T __ssrefill_r
00118a70 000000d0 T _sfread_r
00118b40 00001624 t get_arg
0011a168 000041c4 T _svfprintf_r
0011e32c 000000a8 T __submore
0011e3d4 00000174 T _wcsnrtombs_l
0011e548 00000064 T _wcsnrtombs_r
0011e5ac 000000e8 T __utf8_wctomb
0011e694 00000090 T _calloc_r
0011e724 00000154 T _fclose_r
0011e878 000000f0 t rshift
0011e968 000007f4 T __gethex
0011f15c 00000064 T __match
0011f1c0 00000264 T __hexnan
0011f424 00000008 t null_write
0011f42c 00000018 T setDefaultDevice
0011f444 000000cc T FindDevice
0011f510 00000028 T RemoveDevice
0011f538 00000098 T AddDevice
0011f5d0 00000084 T _close_r
0011f654 0000007c T _fstat_r
0011f6d0 00000008 T _isatty_r
0011f6d8 00000090 T _lseek_r
0011f768 00000088 T _read_r
0011f7f0 00000070 T _sbrk_r
0011f860 00000088 T _write_r
0011f8e8 000001d4 T _concatenate_path
0011fabc 0000015c T chdir
0011fc18 00000008 T __flockfile
0011fc20 00000008 T __funlockfile
0011fc28 00000018 T __libc_lock_acquire
0011fc40 00000018 T __libc_lock_release
0011fc58 00000018 T __libc_lock_init_recursive
0011fc70 00000018 T __libc_lock_acquire_recursive
0011fc88 00000018 T __libc_lock_release_recursive
0011fca0 00000018 T __libc_lock_close_recursive
0011fcb8 0000004c T __free_handle
0011fd04 00000040 T __release_handle
0011fd44 00000018 T __get_handle
0011fd5c 00000028 T __getreent
0011fd84 0000005c T strnlen
0011fde0 00000044 T strrchr
0011fe24 T _fini
00120000 00000014 r CSWTCH.26
00120014 00000008 r framebufferInfoSt
0012001c 00000068 r dotab_3dmoo
00120084 00000068 r dotab_stdout
001200ec 00000068 r dotab_null
00120154 00000030 r colorTable
00120184 0000000c r serviceNameTable.7434
00120190 R default_font_bin
00120990 R default_font_bin_end
00120990 R default_font_bin_size
00120994 00000030 r error_table
00120b3c 00000022 r basefix.8441
00120ba0 r .LC2
00120ba4 00000010 r blanks.8415
00120bb4 00000010 r zeroes.8416
00120be8 000000bc r a1
00120ca4 000000bc r a2
00120d60 0000005b r a3
00120dbc 00000070 r a6
00120e2c 000000a2 r a7
00120ed0 00000040 r a8
00120f10 0000172a r b02cf
0012263c 00001a7c r d02f4
00124100 00000028 R __mprec_bigtens
00124128 000000c8 R __mprec_tens
001241f0 0000000c r p05.7191
0012420c 00000014 r fpi.7277
00124220 00000014 r fpinan.7313
00124238 00000028 r tinytens
00124260 0000006c R __action_table
001242cc 00000100 R __chclass
001243cc 0000006c R __state_table
00124438 00000010 r blanks.8400
00124448 00000010 r zeroes.8401
00124458 00000101 R _ctype_
0012455c 00000100 R __hexdig
00124664 00000068 R dotab_stdnull
001246cc 00000003 R DIRECTORY_PARENT
001246d0 r __EH_FRAME_BEGIN__
001246d0 R __exidx_end
001246d0 R __exidx_start
00125000 00000001 d topFormat
00125001 00000001 d botFormat
00125004 00000008 d doubleBuf
0012500c 0000004c D defaultConsole
00125058 00000004 D currentConsole
0012505c 00000001 d firstConsoleInit.7754
00125060 00000004 d aptFlags
00125064 00000004 d gspLastEvent
00125068 W __stacksize__
0012506c 00000004 V __ctru_linear_heap_size
00125070 00000401 d __cwd
00125474 00000068 d sdmc_devoptab
001254dc 00000004 D _impure_ptr
001254e0 00000460 d impure_data
00125940 00000408 D __malloc_av_
00125d48 00000004 D __malloc_sbrk_base
00125d4c 00000004 D __malloc_trim_threshold
00125d50 0000000c d __malloc_lock_object
00125d5c 0000000c d __sfp_lock
00125d68 0000000c d __sinit_lock
00125d74 0000016c D __global_locale
00125ee0 00000004 d defaultDevice
00125ee4 00000040 D devoptab_list
00125f24 00001000 d _current_working_directory
00126f24 00000004 d __hndl_lock
00126f28 0000000c d __stderr_handle
00126f34 0000000c d __stdin_handle
00126f40 0000000c d __stdout_handle
00126f4c 00001000 d handles
00127f4c t __frame_dummy_init_array_entry
00127f4c T __init_array_start
00127f4c d __JCR_LIST__
00127f4c B __preinit_array_end
00127f4c B __preinit_array_start
00127f4c D __tdata_lma
00127f4c D __tdata_lma_end
00127f4c D __TMC_END__
00127f4c d __TMC_LIST__
00127f50 t __do_global_dtors_aux_fini_array_entry
00127f50 T __fini_array_start
00127f50 T __init_array_end
00127f54 T __bss_start__
00127f54 00000001 b enable3d
00127f54 T __fini_array_end
00127f58 00000004 b screenAlloc
00127f5c 00000004 b screenFree
00127f60 00000002 b currentBuffer
00127f64 00000004 b hidRefCount
00127f68 00000004 b kOld
00127f6c 00000004 b kHeld
00127f70 00000004 b cPos
00127f74 00000004 b tPos
00127f78 00000006 b aVec
00127f80 00000006 b gRate
00127f88 00000004 b kDown
00127f8c 00000004 b kUp
00127f90 00000004 b aptLockHandle
00127f94 00000004 b serviceName.7433
00127f98 0000000c b aptFirstHook
00127fa4 00000004 b aptMessageFunc
00127fa8 00000004 b aptMessageFuncData
00127fac 0000000c b aptEvents
00127fb8 00000001 b aptHomeButtonState
00127fbc 00000008 b aptSleepEvent
00127fc4 00001000 b aptParameters
00128fc4 00000004 b aptRefCount
00128fc8 00000004 b aptEventHandlerThread
00128fcc 00000001 b flagInit.7784
00128fcd 00000001 b flagValue.7785
00128fd0 00000004 b newsRefCount
00128fd4 00000004 b newsHandle
00128fd8 00000001 b useNewsS
00128fdc 00000001 b gspRunEvents
00128fe0 00000004 b gspEvent
00128fe4 00000004 b gspEventData
00128fe8 0000001c b gspEventCb
00129004 00000007 b gspEventCbOneShot
0012900c 0000001c b gspEventCbData
00129028 00000038 b gspEvents
00129060 0000001c b gspEventCounts
0012907c 00000004 b gspRefCount
00129080 00000004 b gspEventThread
00129084 00000004 b irrstRefCount
00129088 00000004 b kHeld
0012908c 00000004 b csPos
00129090 00000004 b swkbdSharedMem
00129094 00000004 b swkbdSharedMemHandle
00129098 b saved_stack
001290a0 00000008 b sLinearPool
001290a8 0000000c b sAddrMap
001290b4 00000008 b sMappablePool
001290bc 0000000c b sAddrMap
001290c8 00000008 b sVramPool
001290d0 0000000c b sAddrMap
001290dc 00000004 b srvRefCount
001290e0 00000004 b srvHandle
001290e4 00000001 V __ctru_speedup
001290e8 00000004 b arbiter
001290ec 00000004 b ptmSysmRefCount
001290f0 00000004 b ptmSysmHandle
001290f4 00000004 V __ctru_heap_size
001290f8 00000008 b sdmcArchive
00129100 00000001 b sdmcInitialised
00129108 00000004 b fsuHandle
0012910c 00000004 b fsuRefCount
00129110 00000080 b fsExemptArchives
00129190 b completed.7620
00129194 b object.7625
001291ac 00000028 B __malloc_current_mallinfo
001291d4 00000004 B __malloc_max_sbrked_mem
001291d8 00000004 B __malloc_max_total_mem
001291dc 00000004 B __malloc_top_pad
001291e0 00000004 b heap_start.6927
001291e4 00000004 B fake_heap_end
001291e8 00000004 B fake_heap_start
001291ec 00001000 b temp_cwd
0012a1ec 00000038 B __syscalls
0012a224 00000008 B gfxBottomFramebuffers
0012a22c 00000004 B gspSharedMemHandle
0012a230 0000001c B bottomFramebufferInfo
0012a24c 00000004 B gspEvent
0012a250 00000008 B gfxTopLeftFramebuffers
0012a258 00000008 B gfxTopRightFramebuffers
0012a260 0000001c B topFramebufferInfo
0012a27c 00000001 B gfxThreadID
0012a280 00000004 B gfxSharedMemory
0012a284 00000004 B gfxTopFramebufferMaxSize
0012a288 00000004 B gfxBottomFramebufferMaxSize
0012a28c 0000004c B currentCopy
0012a2d8 00000004 B gxCmdBuf
0012a2dc 00000004 B hidMemHandle
0012a2e0 00000004 B hidHandle
0012a2e4 00000004 B hidSharedMem
0012a2e8 00000014 B hidEvents
0012a2fc 00000004 B gspGpuHandle
0012a300 00000004 B irrstHandle
0012a304 00000004 B irrstEvent
0012a308 00000004 B irrstMemHandle
0012a30c 00000004 B irrstSharedMem
0012a310 00000004 B __system_argv
0012a314 00000004 B __system_argc
0012a318 00000004 B __system_retAddr
0012a31c 00000004 B __ctru_linear_heap
0012a320 00000004 B __ctru_heap
0012a324 B __tls_start
0012d730 B __bss_end__
0012d730 A __end__
0012d730 B __tls_end
